[0.009s] Invoking command in '/home/abdou/A/Test/Autonomous-Car-Project/build/robot_desc': /usr/bin/cmake --build /home/abdou/A/Test/Autonomous-Car-Project/build/robot_desc -- -j8 -l8
[0.028s] -- Found ament_cmake: 2.0.5 (/opt/ros/iron/share/ament_cmake/cmake)
[0.165s] Traceback (most recent call last):
[0.165s]   File "/opt/ros/iron/share/ament_cmake_core/cmake/package_templates/templates_2_cmake.py", line 21, in <module>
[0.166s]     from ament_package.templates import get_environment_hook_template_path
[0.166s] ModuleNotFoundError: No module named 'ament_package'
[0.176s] [31mCMake Error at /opt/ros/iron/share/ament_cmake_core/cmake/ament_cmake_package_templates-extras.cmake:41 (message):
[0.176s]   execute_process(/usr/bin/python3.10
[0.176s]   /opt/ros/iron/share/ament_cmake_core/cmake/package_templates/templates_2_cmake.py
[0.176s]   /home/abdou/A/Test/Autonomous-Car-Project/build/robot_desc/ament_cmake_package_templates/templates.cmake)
[0.176s]   returned error code 1
[0.176s] Call Stack (most recent call first):
[0.176s]   /opt/ros/iron/share/ament_cmake_core/cmake/ament_cmake_coreConfig.cmake:41 (include)
[0.176s]   /opt/ros/iron/share/ament_cmake/cmake/ament_cmake_export_dependencies-extras.cmake:15 (find_package)
[0.176s]   /opt/ros/iron/share/ament_cmake/cmake/ament_cmakeConfig.cmake:41 (include)
[0.176s]   CMakeLists.txt:9 (find_package)
[0.176s] 
[0.176s] [0m
[0.177s] -- Configuring incomplete, errors occurred!
[0.177s] See also "/home/abdou/A/Test/Autonomous-Car-Project/build/robot_desc/CMakeFiles/CMakeOutput.log".
[0.178s] gmake: *** [Makefile:226: cmake_check_build_system] Error 1
[0.181s] Invoked command in '/home/abdou/A/Test/Autonomous-Car-Project/build/robot_desc' returned '2': /usr/bin/cmake --build /home/abdou/A/Test/Autonomous-Car-Project/build/robot_desc -- -j8 -l8
